[Tue, 28 Oct 2025 10:34:07 GMT] [INFO] Server started on port 1080
[Tue, 28 Oct 2025 13:16:53 GMT] [INFO] Server started on port 1080
[Tue, 28 Oct 2025 13:16:55 GMT] [INFO] Server started on port 1080
[Tue, 28 Oct 2025 13:20:18 GMT] [INFO] Server started on port 1080
[Tue, 28 Oct 2025 13:20:47 GMT] [INFO] Server started on port 1080
[Tue, 28 Oct 2025 14:02:39 GMT] [INFO] Server started on port 1080
[Tue, 28 Oct 2025 14:12:17 GMT] [INFO] Server started on port 1080
[Tue, 28 Oct 2025 14:14:50 GMT] [INFO] Server started on port 1080
[Tue, 28 Oct 2025 14:16:16 GMT] [INFO] Server started on port 1080
[Wed, 29 Oct 2025 09:51:45 GMT] [INFO] Server started on port 1080
[Wed, 29 Oct 2025 09:56:02 GMT] [INFO] Server started on port 1080
[Wed, 29 Oct 2025 09:58:34 GMT] [INFO] Server started on port 1080
[Wed, 29 Oct 2025 10:00:35 GMT] [INFO] Server started on port 1080
[Wed, 29 Oct 2025 10:01:01 GMT] [INFO] Server started on port 1080
[Wed, 29 Oct 2025 10:02:38 GMT] [INFO] Server started on port 1080
[Wed, 29 Oct 2025 10:04:07 GMT] [INFO] Server started on port 1080
[Wed, 29 Oct 2025 10:05:10 GMT] [INFO] Server started on port 1080
[Wed, 29 Oct 2025 10:07:38 GMT] [INFO] Server started on port 1080
[Wed, 29 Oct 2025 10:09:10 GMT] [INFO] Server started on port 1080
[Wed, 29 Oct 2025 10:10:09 GMT] [INFO] Server started on port 1080
[Wed, 29 Oct 2025 10:11:43 GMT] [INFO] Server started on port 1080
[Wed, 29 Oct 2025 10:13:24 GMT] [INFO] Server started on port 1080
[Wed, 29 Oct 2025 10:14:27 GMT] [INFO] Server started on port 1080
[Wed, 29 Oct 2025 10:18:15 GMT] [INFO] Server started on port 1080
[Wed, 29 Oct 2025 10:22:07 GMT] [INFO] Server started on port 1080
[Wed, 29 Oct 2025 10:23:19 GMT] [INFO] Server started on port 1080
[Wed, 29 Oct 2025 10:28:22 GMT] [INFO] Server started on port 1080
[Wed, 29 Oct 2025 10:29:37 GMT] [INFO] Server started on port 1080
[Wed, 29 Oct 2025 10:32:19 GMT] [INFO] Server started on port 1080
[Wed, 29 Oct 2025 10:33:57 GMT] [INFO] Server started on port 1080
[Wed, 29 Oct 2025 10:37:12 GMT] [INFO] Server started on port 1080
[Wed, 29 Oct 2025 10:43:51 GMT] [INFO] Server started on port 1080
[Wed, 29 Oct 2025 10:43:55 GMT] [INFO] Server started on port 1080
[Wed, 29 Oct 2025 10:44:49 GMT] [INFO] Server started on port 1080
[Wed, 29 Oct 2025 10:45:50 GMT] [INFO] Server started on port 1080
[Wed, 29 Oct 2025 10:47:27 GMT] [INFO] Server started on port 1080
[Wed, 29 Oct 2025 10:50:35 GMT] [INFO] Server started on port 1080
[Wed, 29 Oct 2025 10:51:08 GMT] [INFO] Server started on port 1080
[Wed, 29 Oct 2025 10:52:03 GMT] [INFO] Server started on port 1080
[Wed, 29 Oct 2025 12:36:30 GMT] [INFO] Server started on port 1080
[Wed, 29 Oct 2025 12:37:55 GMT] [INFO] Server started on port 1080
[Wed, 29 Oct 2025 12:38:42 GMT] [INFO] Server started on port 1080
[Wed, 29 Oct 2025 12:46:51 GMT] [INFO] Server started on port 1080
[Wed, 29 Oct 2025 12:57:53 GMT] [INFO] Server started on port 1080
[Wed, 29 Oct 2025 12:57:53 GMT] Error: 502 - The server received an invalid response from the upstream server.
[Wed, 29 Oct 2025 12:57:53 GMT] Error: 504 - The server did not receive a timely response from the upstream server.
[Wed, 29 Oct 2025 13:32:21 GMT] [INFO] Server started on port 1080
[Wed, 29 Oct 2025 13:34:55 GMT] [INFO] Server started on port 1080
[Wed, 29 Oct 2025 13:34:55 GMT] Error: 400 - Bad Request: Request body has 40 bytes available but Content-Length header specifies only 5 bytes
[Wed, 29 Oct 2025 13:34:55 GMT] Error: 400 - The request could not be understood by the server due to malformed syntax.
[Wed, 29 Oct 2025 13:37:43 GMT] [INFO] Server started on port 1080
[Wed, 29 Oct 2025 13:38:01 GMT] [INFO] Server started on port 1080
[Wed, 29 Oct 2025 13:39:53 GMT] [INFO] Server started on port 1080
[Wed, 29 Oct 2025 13:40:06 GMT] [INFO] Server started on port 1080
[Wed, 29 Oct 2025 13:41:37 GMT] [INFO] Server started on port 1080
[Wed, 29 Oct 2025 13:41:54 GMT] [INFO] Server started on port 1080
[Wed, 29 Oct 2025 13:41:54 GMT] Error: 400 - Bad Request: Request body received 5 bytes but Content-Length specifies 2 bytes
[Wed, 29 Oct 2025 13:41:54 GMT] Error: 400 - The request could not be understood by the server due to malformed syntax.
[Wed, 29 Oct 2025 13:42:55 GMT] [INFO] Server started on port 1080
[Wed, 29 Oct 2025 13:45:37 GMT] [INFO] Server started on port 1080
[Wed, 29 Oct 2025 13:45:37 GMT] Error: 400 - Bad Request: Request body received 5 bytes but Content-Length specifies 2 bytes
[Wed, 29 Oct 2025 13:45:37 GMT] Error: 400 - The request could not be understood by the server due to malformed syntax.
[Wed, 29 Oct 2025 13:45:37 GMT] Error: 400 - Bad Request: Invalid HTTP method: 'INVALID'
[Wed, 29 Oct 2025 13:45:37 GMT] Error: 400 - The request could not be understood by the server due to malformed syntax.
[Wed, 29 Oct 2025 13:45:37 GMT] Error: 501 - Not Implemented: HTTP method 'HEAD' is not implemented
[Wed, 29 Oct 2025 13:45:37 GMT] Error: 501 - The server does not support the functionality required to fulfill the request.
[Wed, 29 Oct 2025 13:45:37 GMT] Error: 501 - Not Implemented: HTTP method 'OPTIONS' is not implemented
[Wed, 29 Oct 2025 13:45:37 GMT] Error: 501 - The server does not support the functionality required to fulfill the request.
[Wed, 29 Oct 2025 13:45:37 GMT] Error: 400 - Bad Request: Invalid HTTP method: 'INVALID'
[Wed, 29 Oct 2025 13:45:37 GMT] Error: 400 - The request could not be understood by the server due to malformed syntax.
[Wed, 29 Oct 2025 13:45:37 GMT] Error: 501 - Not Implemented: HTTP method 'HEAD' is not implemented
[Wed, 29 Oct 2025 13:45:37 GMT] Error: 501 - The server does not support the functionality required to fulfill the request.
[Wed, 29 Oct 2025 13:45:37 GMT] Error: 501 - Not Implemented: HTTP method 'OPTIONS' is not implemented
[Wed, 29 Oct 2025 13:45:37 GMT] Error: 501 - The server does not support the functionality required to fulfill the request.
[Wed, 29 Oct 2025 13:45:37 GMT] Error: 400 - Bad Request: Invalid HTTP method: 'INVALID'
[Wed, 29 Oct 2025 13:45:37 GMT] Error: 400 - The request could not be understood by the server due to malformed syntax.
[Wed, 29 Oct 2025 13:45:37 GMT] Error: 501 - Not Implemented: HTTP method 'HEAD' is not implemented
[Wed, 29 Oct 2025 13:45:37 GMT] Error: 501 - The server does not support the functionality required to fulfill the request.
[Wed, 29 Oct 2025 13:45:37 GMT] Error: 501 - Not Implemented: HTTP method 'OPTIONS' is not implemented
[Wed, 29 Oct 2025 13:45:37 GMT] Error: 501 - The server does not support the functionality required to fulfill the request.
[Wed, 29 Oct 2025 13:45:37 GMT] Error: 400 - Bad Request: Invalid HTTP version: 'HTTP/1.0'
[Wed, 29 Oct 2025 13:45:37 GMT] Error: 400 - The request could not be understood by the server due to malformed syntax.
[Wed, 29 Oct 2025 13:45:37 GMT] Error: 400 - Bad Request: Request body received 5 bytes but Content-Length specifies 3 bytes
[Wed, 29 Oct 2025 13:45:37 GMT] Error: 400 - The request could not be understood by the server due to malformed syntax.
[Wed, 29 Oct 2025 13:45:37 GMT] Error: 400 - Bad Request: Content-Length and Transfer-Encoding headers cannot be used together
[Wed, 29 Oct 2025 13:45:37 GMT] Error: 400 - The request could not be understood by the server due to malformed syntax.
[Wed, 29 Oct 2025 13:45:37 GMT] Error: 414 - URI Too Long: URI exceeds 8000 characters
[Wed, 29 Oct 2025 13:45:37 GMT] Error: 414 - The request URI is longer than the server can interpret.
